05.02.2020 12:11 Anmeldung manuel@neuer.com \m05.02.2020 12:11 Abmeldung manuel@neuer.com \m05.02.2020 12:12 Anmeldung manuel@neuer.com 05.02.2020 12:12 Abmeldung manuel@neuer.com 05.02.2020 12:13 Anmeldung manuel@neuer.com 
05.02.2020 12:13 Abmeldung manuel@neuer.com 
05.02.2020 12:15 Anmeldung manuel@neuer.com 
05.02.2020 12:23 Abmeldung manuel@neuer.com 
05.02.2020 12:23 Anmeldung joshua@kimmich.com 
05.02.2020 12:23 Abmeldung joshua@kimmich.com 
05.02.2020 12:23 Anmeldung manuel@neuer.com 
05.02.2020 12:23 Anmeldung manuel@neuer.com 
05.02.2020 12:26 Abmeldung manuel@neuer.com 
05.02.2020 12:26 Anmeldung joshua@kimmich.com 
05.02.2020 12:27 Anmeldung joshua@kimmich.com 
05.02.2020 12:30 Abmeldung joshua@kimmich.com 
05.02.2020 12:30 Anmeldung manuel@neuer.com 
05.02.2020 12:32 Anmeldung manuel@neuer.com 
05.02.2020 12:32 Abmeldung manuel@neuer.com 
05.02.2020 12:32 Anmeldung joshua@kimmich.com 
05.02.2020 12:33 Anmeldung joshua@kimmich.com 
05.02.2020 12:34 Anmeldung joshua@kimmich.com 
05.02.2020 12:34 Abmeldung joshua@kimmich.com 
05.02.2020 12:34 Anmeldung manuel@neuer.com 
05.02.2020 12:40 Anmeldung manuel@neuer.com 
05.02.2020 12:42 Abmeldung manuel@neuer.com 
05.02.2020 12:42 Anmeldung manuel@neuer.com 
05.02.2020 12:42 Abmeldung manuel@neuer.com 
05.02.2020 12:42 Anmeldung qwe@web.de 
05.02.2020 12:43 Abmeldung qwe@web.de 
05.02.2020 12:43 Anmeldung manuel@neuer.com 
05.02.2020 12:44 Anmeldung manuel@neuer.com 
05.02.2020 12:44 Anmeldung manuel@neuer.com 
05.02.2020 12:44 Anmeldung manuel@neuer.com 
05.02.2020 12:45 Anmeldung manuel@neuer.com 
05.02.2020 12:45 Abmeldung manuel@neuer.com 
05.02.2020 12:45 Anmeldung joshua@kimmich.com 
05.02.2020 12:46 Anmeldung joshua@kimmich.com 
05.02.2020 14:06 Anmeldung joshua@kimmich.com 
05.02.2020 14:06 Anmeldung joshua@kimmich.com 
05.02.2020 14:06 Anmeldung joshua@kimmich.com 
05.02.2020 14:07 Anmeldung joshua@kimmich.com 
05.02.2020 14:07 Anmeldung joshua@kimmich.com 
05.02.2020 14:10 Anmeldung joshua@kimmich.com 
05.02.2020 14:10 Anmeldung joshua@kimmich.com 
05.02.2020 14:10 Abmeldung joshua@kimmich.com 
05.02.2020 14:10 Anmeldung manuel@neuer.com 
05.02.2020 14:13 Anmeldung manuel@neuer.com 
05.02.2020 14:15 Anmeldung manuel@neuer.com 
05.02.2020 14:15 Abmeldung manuel@neuer.com 
05.02.2020 14:15 Anmeldung joshua@kimmich.com 
05.02.2020 14:15 Anmeldung joshua@kimmich.com 
05.02.2020 14:15 Anmeldung joshua@kimmich.com 
05.02.2020 14:16 Anmeldung joshua@kimmich.com 
05.02.2020 14:18 Anmeldung joshua@kimmich.com 
05.02.2020 14:18 Anmeldung joshua@kimmich.com 
05.02.2020 14:22 Anmeldung joshua@kimmich.com 
05.02.2020 14:26 Anmeldung joshua@kimmich.com 
05.02.2020 14:28 Anmeldung joshua@kimmich.com 
05.02.2020 14:29 Anmeldung joshua@kimmich.com 
05.02.2020 14:29 Anmeldung joshua@kimmich.com 
05.02.2020 14:29 Anmeldung joshua@kimmich.com 
05.02.2020 14:29 Anmeldung joshua@kimmich.com 
05.02.2020 14:29 Anmeldung joshua@kimmich.com 
05.02.2020 14:29 Anmeldung joshua@kimmich.com 
05.02.2020 14:30 Anmeldung joshua@kimmich.com 
05.02.2020 14:31 Anmeldung joshua@kimmich.com 
05.02.2020 14:31 Anmeldung joshua@kimmich.com 
05.02.2020 14:31 Anmeldung joshua@kimmich.com 
05.02.2020 14:31 Anmeldung joshua@kimmich.com 
05.02.2020 14:31 Anmeldung joshua@kimmich.com 
05.02.2020 14:35 Anmeldung joshua@kimmich.com 
05.02.2020 14:35 Abmeldung joshua@kimmich.com 
05.02.2020 14:35 Anmeldung manuel@neuer.com 
05.02.2020 14:37 Abmeldung manuel@neuer.com 
05.02.2020 14:37 Anmeldung joshua@kimmich.com 
05.02.2020 14:38 Abmeldung joshua@kimmich.com 
05.02.2020 14:38 Anmeldung manuel@neuer.com 
05.02.2020 14:39 Abmeldung manuel@neuer.com 
05.02.2020 14:39 Anmeldung joshua@kimmich.com 
05.02.2020 14:39 Abmeldung joshua@kimmich.com 
05.02.2020 14:39 Anmeldung joshua@kimmich.com 
05.02.2020 14:40 Abmeldung joshua@kimmich.com 
05.02.2020 14:40 Anmeldung manuel@neuer.com 
05.02.2020 14:40 Abmeldung manuel@neuer.com 
05.02.2020 14:40 Anmeldung joshua@kimmich.com 
05.02.2020 14:41 Anmeldung joshua@kimmich.com 
05.02.2020 14:42 Anmeldung joshua@kimmich.com 
05.02.2020 14:43 Anmeldung joshua@kimmich.com 
05.02.2020 14:43 Abmeldung joshua@kimmich.com 
05.02.2020 14:43 Anmeldung manuel@neuer.com 
